<?xml version="1.0"?>
<ExampleFile xmlns:xsd="http://www.w3.org/2001/XMLSchema" xmlns:xsi="http://www.w3.org/2001/XMLSchema-instance">
  <TheString>This is a test!</TheString>
  <NumberList />
</ExampleFile>